[BUILD] Self-contained mode: embedding JS bundle (NODE_ENV=production)

[BUILD] Step 1: Model Generation
[BUILD] Checking model...
[MODEL] Starting model generation process...
[MODEL] Model exists and is fresh (2026-07-09T02:32:21.779Z)
[MODEL] Skipping regeneration. Use --force to regenerate.

[BUILD] Step 2: Expo Prebuild (Android)
env: load .env
env: export EXPO_PUBLIC_CLERK_PUBLISHABLE_KEY POSTHOG_PROJECT_TOKEN POSTHOG_HOST
✅ Clerk iOS plugin loaded
✅ Clerk Android plugin loaded
✅ Clerk iOS plugin loaded
✅ Clerk Android plugin loaded
✅ Clerk iOS plugin loaded
✅ Clerk Android plugin loaded
- Creating native directory (./android)
✔ Created native directory | reusing /android
- Updating package.json
✔ Updated package.json | no changes
- Running prebuild
✅ Clerk iOS plugin loaded
- Running prebuild
✅ Clerk Android plugin loaded
- Running prebuild
✔ Finished prebuild

[BUILD] Step 2b: Exporting JS bundle (self-contained)...

› web bundles (1):
_expo/static/css/global-d41d8cd98f00b204e9800998ecf8427e.css (0 B)

› Files (1):
metadata.json (3.81 kB)

Exported: /home/d/Desktop/jsmastery/.expo-export-tmp
./scripts/build-android.sh: line 145: BUILD_DIR: unbound variable
