
> jsmastery@1.0.0 build:android:force:x86_64
> ./scripts/build-android.sh --force-model --arch x86_64

[BUILD] Self-contained mode: embedding JS bundle via gradle assembleRelease

[BUILD] Step 1: Model Generation
[BUILD] Forcing model regeneration...
[MODEL] Starting model generation process...
[MODEL] Using tfenv python at /tmp/tfenv/bin/python
[MODEL] Running training script: /home/d/Desktop/jsmastery/scripts/train_espcn_fast.py
WARNING: All log messages before absl::InitializeLog() is called are written to STDERR
I0000 00:00:1783651530.152992 2220205 cpu_feature_guard.cc:227] This TensorFlow binary is optimized to use available CPU instructions in performance-critical operations.
To enable the following instructions: AVX2 FMA, in other operations, rebuild TensorFlow with the appropriate compiler flags.
Model params: 2272
Epoch 1/12
29/29 - 4s - 155ms/step - loss: 0.0846
Epoch 2/12
29/29 - 3s - 93ms/step - loss: 0.0735
Epoch 3/12
29/29 - 3s - 99ms/step - loss: 0.0564
Epoch 4/12
29/29 - 5s - 164ms/step - loss: 0.0485
Epoch 5/12
29/29 - 2s - 84ms/step - loss: 0.0455
Epoch 6/12
29/29 - 3s - 98ms/step - loss: 0.0406
Epoch 7/12
29/29 - 5s - 166ms/step - loss: 0.0325
Epoch 8/12
29/29 - 4s - 126ms/step - loss: 0.0243
Epoch 9/12
29/29 - 3s - 96ms/step - loss: 0.0195
Epoch 10/12
29/29 - 3s - 95ms/step - loss: 0.0174
Epoch 11/12
29/29 - 5s - 172ms/step - loss: 0.0163
Epoch 12/12
29/29 - 3s - 100ms/step - loss: 0.0156
Saved artifact at '/tmp/tmpkdd314g0'. The following endpoints are available:

* Endpoint 'serve'
  args_0 (POSITIONAL_ONLY): TensorSpec(shape=(None, None, None, 3), dtype=tf.float32, name='keras_tensor')
Output Type:
  TensorSpec(shape=(None, None, None, 3), dtype=tf.float32, name=None)
Captures:
  135057679017040: TensorSpec(shape=(), dtype=tf.resource, name=None)
  135057679017424: TensorSpec(shape=(), dtype=tf.resource, name=None)
  135057679013776: TensorSpec(shape=(), dtype=tf.resource, name=None)
  135057679017232: TensorSpec(shape=(), dtype=tf.resource, name=None)
  135057679019536: TensorSpec(shape=(), dtype=tf.resource, name=None)
  135057679019344: TensorSpec(shape=(), dtype=tf.resource, name=None)
W0000 00:00:1783651583.410226 2220205 tf_tfl_flatbuffer_helpers.cc:364] Ignored output_format.
W0000 00:00:1783651583.410652 2220205 tf_tfl_flatbuffer_helpers.cc:367] Ignored drop_control_dependency.
I0000 00:00:1783651583.411225 2220205 reader.cc:83] Reading SavedModel from: /tmp/tmpkdd314g0
I0000 00:00:1783651583.411995 2220205 reader.cc:52] Reading meta graph with tags { serve }
I0000 00:00:1783651583.412318 2220205 reader.cc:147] Reading SavedModel debug info (if present) from: /tmp/tmpkdd314g0
I0000 00:00:1783651583.420218 2220205 mlir_graph_optimization_pass.cc:437] MLIR V1 optimization pass is not enabled
I0000 00:00:1783651583.421707 2220205 loader.cc:236] Restoring SavedModel bundle.
I0000 00:00:1783651583.462235 2220205 loader.cc:220] Running initialization op on SavedModel bundle at path: /tmp/tmpkdd314g0
I0000 00:00:1783651583.484213 2220205 loader.cc:471] SavedModel load for tags { serve }; Status: success: OK. Took 73008 microseconds.
I0000 00:00:1783651583.508841 2220205 dump_mlir_util.cc:269] disabling MLIR crash reproducer, set env var `MLIR_CRASH_REPRODUCER_DIRECTORY` to enable.
WROTE /home/d/Desktop/jsmastery/assets/models/espcn_2x.tflite (11880 bytes)
[MODEL] Model generation completed successfully!

[BUILD] Step 2: Expo Prebuild (Android)
env: load .env
env: export EXPO_PUBLIC_CLERK_PUBLISHABLE_KEY POSTHOG_PROJECT_TOKEN POSTHOG_HOST
✅ Clerk iOS plugin loaded
✅ Clerk Android plugin loaded
✅ Clerk iOS plugin loaded
✅ Clerk Android plugin loaded
✅ Clerk iOS plugin loaded
✅ Clerk Android plugin loaded
- Creating native directory (./android)
✔ Created native directory | reusing /android
- Updating package.json
✔ Updated package.json | no changes
- Running prebuild
✅ Clerk iOS plugin loaded
- Running prebuild
✅ Clerk Android plugin loaded
- Running prebuild
✔ Finished prebuild

[BUILD] Step 3: Building 1 arch(s) one at a time

[BUILD] === Building x86_64 ===
[BUILD] Log: /home/d/Desktop/jsmastery/build-x86_64.log | Filter: -PreactNativeArchitectures=x86_64
To honour the JVM settings for this build a single-use Daemon process will be forked. For more on this, please refer to https://docs.gradle.org/8.14.3/userguide/gradle_daemon.html#sec:disabling_the_daemon in the Gradle documentation.
Daemon will be stopped at the end of the build 
> Task :expo-gradle-plugin:expo-autolinking-settings-plugin:checkKotlinGradlePluginConfigurationErrors SKIPPED
> Task :gradle-plugin:settings-plugin:checkKotlinGradlePluginConfigurationErrors SKIPPED
> Task :expo-gradle-plugin:expo-autolinking-plugin-shared:checkKotlinGradlePluginConfigurationErrors SKIPPED
> Task :gradle-plugin:shared:checkKotlinGradlePluginConfigurationErrors SKIPPED
> Task :expo-gradle-plugin:expo-autolinking-settings-plugin:pluginDescriptors UP-TO-DATE
> Task :gradle-plugin:settings-plugin:pluginDescriptors UP-TO-DATE
> Task :expo-gradle-plugin:expo-autolinking-settings-plugin:processResources UP-TO-DATE
> Task :gradle-plugin:settings-plugin:processResources UP-TO-DATE
> Task :expo-gradle-plugin:expo-autolinking-plugin-shared:compileKotlin UP-TO-DATE
> Task :gradle-plugin:shared:compileKotlin UP-TO-DATE
> Task :expo-gradle-plugin:expo-autolinking-plugin-shared:compileJava NO-SOURCE
> Task :expo-gradle-plugin:expo-autolinking-plugin-shared:processResources NO-SOURCE
> Task :expo-gradle-plugin:expo-autolinking-plugin-shared:classes UP-TO-DATE
> Task :gradle-plugin:shared:compileJava NO-SOURCE
> Task :gradle-plugin:shared:processResources NO-SOURCE
> Task :gradle-plugin:shared:classes UP-TO-DATE
> Task :expo-gradle-plugin:expo-autolinking-plugin-shared:jar UP-TO-DATE
> Task :gradle-plugin:shared:jar UP-TO-DATE
> Task :expo-gradle-plugin:expo-autolinking-settings-plugin:compileKotlin UP-TO-DATE
> Task :gradle-plugin:settings-plugin:compileKotlin UP-TO-DATE
> Task :expo-gradle-plugin:expo-autolinking-settings-plugin:compileJava NO-SOURCE
> Task :expo-gradle-plugin:expo-autolinking-settings-plugin:classes UP-TO-DATE
> Task :gradle-plugin:settings-plugin:compileJava NO-SOURCE
> Task :gradle-plugin:settings-plugin:classes UP-TO-DATE
> Task :gradle-plugin:settings-plugin:jar UP-TO-DATE
> Task :expo-gradle-plugin:expo-autolinking-settings-plugin:jar UP-TO-DATE
> Task :gradle-plugin:react-native-gradle-plugin:checkKotlinGradlePluginConfigurationErrors SKIPPED
> Task :expo-module-gradle-plugin:checkKotlinGradlePluginConfigurationErrors SKIPPED
> Task :expo-gradle-plugin:expo-autolinking-plugin:checkKotlinGradlePluginConfigurationErrors SKIPPED
> Task :expo-module-gradle-plugin:pluginDescriptors UP-TO-DATE
> Task :expo-module-gradle-plugin:processResources UP-TO-DATE
> Task :expo-gradle-plugin:expo-autolinking-plugin:compileKotlin UP-TO-DATE
> Task :expo-gradle-plugin:expo-autolinking-plugin:compileJava NO-SOURCE
> Task :expo-gradle-plugin:expo-autolinking-plugin:pluginDescriptors UP-TO-DATE
> Task :expo-gradle-plugin:expo-autolinking-plugin:processResources UP-TO-DATE
> Task :expo-gradle-plugin:expo-autolinking-plugin:classes UP-TO-DATE
> Task :expo-gradle-plugin:expo-autolinking-plugin:jar UP-TO-DATE
> Task :gradle-plugin:react-native-gradle-plugin:compileKotlin UP-TO-DATE
> Task :gradle-plugin:react-native-gradle-plugin:compileJava NO-SOURCE
> Task :gradle-plugin:react-native-gradle-plugin:pluginDescriptors UP-TO-DATE
> Task :gradle-plugin:react-native-gradle-plugin:processResources UP-TO-DATE
> Task :gradle-plugin:react-native-gradle-plugin:classes UP-TO-DATE
> Task :gradle-plugin:react-native-gradle-plugin:jar UP-TO-DATE
> Task :expo-module-gradle-plugin:compileKotlin UP-TO-DATE
> Task :expo-module-gradle-plugin:compileJava NO-SOURCE
> Task :expo-module-gradle-plugin:classes UP-TO-DATE
> Task :expo-module-gradle-plugin:jar UP-TO-DATE

> Configure project :
[32m[ExpoRootProject][0m Using the following versions:
  - buildTools:  [32m36.0.0[0m
  - minSdk:      [32m24[0m
  - compileSdk:  [32m36[0m
  - targetSdk:   [32m36[0m
  - ndk:         [32m27.1.12297006[0m
  - kotlin:      [32m2.1.20[0m
  - ksp:         [32m2.1.20-2.0.1[0m

> Configure project :expo

Using expo modules
  - [32mexpo-constants[0m (18.0.13)
  - [32mexpo-modules-core[0m (3.0.30)
  - [32mexpo-sqlite[0m (16.0.10)
  - [33m[📦][0m [32mexpo-application[0m (7.0.8)
  - [33m[📦][0m [32mexpo-asset[0m (12.0.13)
  - [33m[📦][0m [32mexpo-crypto[0m (15.0.9)
  - [33m[📦][0m [32mexpo-document-picker[0m (14.0.8)
  - [33m[📦][0m [32mexpo-file-system[0m (19.0.23)
  - [33m[📦][0m [32mexpo-font[0m (14.0.12)
  - [33m[📦][0m [32mexpo-haptics[0m (15.0.8)
  - [33m[📦][0m [32mexpo-image[0m (3.0.11)
  - [33m[📦][0m [32mexpo-image-loader[0m (6.0.0)
  - [33m[📦][0m [32mexpo-image-manipulator[0m (14.0.8)
  - [33m[📦][0m [32mexpo-keep-awake[0m (15.0.8)
  - [33m[📦][0m [32mexpo-linking[0m (8.0.12)
  - [33m[📦][0m [32mexpo-notifications[0m (0.32.17)
  - [33m[📦][0m [32mexpo-secure-store[0m (15.0.8)
  - [33m[📦][0m [32mexpo-sharing[0m (14.0.8)
  - [33m[📦][0m [32mexpo-splash-screen[0m (31.0.13)
  - [33m[📦][0m [32mexpo-system-ui[0m (6.0.9)
  - [33m[📦][0m [32mexpo-web-browser[0m (15.0.11)


> Task :expo-sqlite:preBuild UP-TO-DATE
> Task :expo-modules-core:preBuild UP-TO-DATE
> Task :react-native-fast-tflite:generateCodegenSchemaFromJavaScript UP-TO-DATE
> Task :app:generateAutolinkingNewArchitectureFiles UP-TO-DATE
> Task :clerk_expo:generateCodegenSchemaFromJavaScript UP-TO-DATE
> Task :react-native-gesture-handler:generateCodegenSchemaFromJavaScript UP-TO-DATE
> Task :expo:generatePackagesList UP-TO-DATE
> Task :expo:preBuild UP-TO-DATE
> Task :react-native-fast-tflite:generateCodegenArtifactsFromSchema UP-TO-DATE
> Task :react-native-gesture-handler:generateCodegenArtifactsFromSchema UP-TO-DATE
> Task :react-native-fast-tflite:preBuild UP-TO-DATE
> Task :react-native-gesture-handler:preBuild UP-TO-DATE
> Task :react-native-safe-area-context:generateCodegenSchemaFromJavaScript UP-TO-DATE
> Task :clerk_expo:generateCodegenArtifactsFromSchema UP-TO-DATE
> Task :clerk_expo:preBuild UP-TO-DATE
> Task :react-native-screens:generateCodegenSchemaFromJavaScript UP-TO-DATE
> Task :app:generateAutolinkingPackageList UP-TO-DATE
> Task :app:generateCodegenSchemaFromJavaScript SKIPPED
> Task :react-native-safe-area-context:generateCodegenArtifactsFromSchema UP-TO-DATE
> Task :react-native-safe-area-context:preBuild UP-TO-DATE
> Task :app:generateCodegenArtifactsFromSchema SKIPPED
> Task :app:generateReactNativeEntryPoint UP-TO-DATE
> Task :react-native-svg:generateCodegenSchemaFromJavaScript UP-TO-DATE
> Task :react-native-screens:generateCodegenArtifactsFromSchema UP-TO-DATE
> Task :react-native-screens:preBuild UP-TO-DATE
> Task :react-native-webview:generateCodegenSchemaFromJavaScript UP-TO-DATE
> Task :solana-mobile_mobile-wallet-adapter-protocol:generateCodegenSchemaFromJavaScript UP-TO-DATE
> Task :react-native-webview:generateCodegenArtifactsFromSchema UP-TO-DATE
> Task :react-native-svg:generateCodegenArtifactsFromSchema UP-TO-DATE
> Task :react-native-webview:preBuild UP-TO-DATE
> Task :react-native-svg:preBuild UP-TO-DATE
> Task :expo:preReleaseBuild UP-TO-DATE
> Task :solana-mobile_mobile-wallet-adapter-protocol:generateCodegenArtifactsFromSchema UP-TO-DATE
> Task :solana-mobile_mobile-wallet-adapter-protocol:preBuild UP-TO-DATE
> Task :expo-modules-core:preReleaseBuild UP-TO-DATE
> Task :clerk_expo:preReleaseBuild UP-TO-DATE
> Task :expo:mergeReleaseJniLibFolders UP-TO-DATE
> Task :clerk_expo:mergeReleaseJniLibFolders UP-TO-DATE
> Task :clerk_expo:mergeReleaseNativeLibs NO-SOURCE
> Task :expo:mergeReleaseNativeLibs NO-SOURCE
> Task :expo:copyReleaseJniLibsProjectOnly UP-TO-DATE
> Task :expo-sqlite:preReleaseBuild UP-TO-DATE
> Task :clerk_expo:copyReleaseJniLibsProjectOnly UP-TO-DATE
> Task :react-native-reanimated:assertMinimalReactNativeVersionTask
> Task :react-native-reanimated:assertNewArchitectureEnabledTask SKIPPED
> Task :react-native-worklets:assertMinimalReactNativeVersionTask
> Task :react-native-worklets:assertNewArchitectureEnabledTask SKIPPED
> Task :react-native-worklets:generateCodegenSchemaFromJavaScript UP-TO-DATE
> Task :react-native-worklets:generateCodegenArtifactsFromSchema UP-TO-DATE
> Task :react-native-worklets:prepareWorkletsHeadersForPrefabs UP-TO-DATE
> Task :react-native-worklets:preBuild
> Task :react-native-worklets:preReleaseBuild
> Task :react-native-reanimated:assertWorkletsVersionTask
> Task :react-native-reanimated:generateCodegenSchemaFromJavaScript UP-TO-DATE
> Task :react-native-reanimated:generateCodegenArtifactsFromSchema UP-TO-DATE

> Task :expo-constants:createExpoConfig
env: load .env
env: export EXPO_PUBLIC_CLERK_PUBLISHABLE_KEY POSTHOG_PROJECT_TOKEN POSTHOG_HOST
✅ Clerk iOS plugin loaded
✅ Clerk Android plugin loaded

> Task :expo-constants:preBuild
> Task :expo-constants:preReleaseBuild
> Task :expo-constants:mergeReleaseJniLibFolders UP-TO-DATE
> Task :expo-constants:mergeReleaseNativeLibs NO-SOURCE
> Task :expo-constants:copyReleaseJniLibsProjectOnly UP-TO-DATE
> Task :react-native-gesture-handler:preReleaseBuild UP-TO-DATE
> Task :react-native-gesture-handler:mergeReleaseJniLibFolders UP-TO-DATE
> Task :react-native-safe-area-context:preReleaseBuild UP-TO-DATE
> Task :react-native-safe-area-context:mergeReleaseJniLibFolders UP-TO-DATE
> Task :react-native-reanimated:prepareReanimatedHeadersForPrefabs UP-TO-DATE
> Task :react-native-safe-area-context:mergeReleaseNativeLibs NO-SOURCE
> Task :react-native-reanimated:preBuild
> Task :app:preBuild
> Task :app:preReleaseBuild
> Task :react-native-reanimated:preReleaseBuild
> Task :react-native-safe-area-context:copyReleaseJniLibsProjectOnly UP-TO-DATE
> Task :app:mergeReleaseJniLibFolders UP-TO-DATE
> Task :react-native-screens:preReleaseBuild UP-TO-DATE
> Task :react-native-reanimated:mergeReleaseJniLibFolders UP-TO-DATE
> Task :react-native-svg:preReleaseBuild UP-TO-DATE
> Task :react-native-svg:mergeReleaseJniLibFolders UP-TO-DATE
> Task :react-native-svg:mergeReleaseNativeLibs NO-SOURCE
> Task :react-native-svg:copyReleaseJniLibsProjectOnly UP-TO-DATE
> Task :react-native-webview:preReleaseBuild UP-TO-DATE
> Task :react-native-webview:mergeReleaseJniLibFolders UP-TO-DATE
> Task :react-native-webview:mergeReleaseNativeLibs NO-SOURCE
> Task :react-native-webview:copyReleaseJniLibsProjectOnly UP-TO-DATE
> Task :solana-mobile_mobile-wallet-adapter-protocol:preReleaseBuild UP-TO-DATE
> Task :react-native-fast-tflite:extractAARHeaders
> Task :solana-mobile_mobile-wallet-adapter-protocol:mergeReleaseJniLibFolders UP-TO-DATE
> Task :solana-mobile_mobile-wallet-adapter-protocol:mergeReleaseNativeLibs NO-SOURCE
> Task :solana-mobile_mobile-wallet-adapter-protocol:copyReleaseJniLibsProjectOnly UP-TO-DATE
> Task :clerk_expo:checkKotlinGradlePluginConfigurationErrors SKIPPED
> Task :clerk_expo:generateReleaseBuildConfig UP-TO-DATE
> Task :clerk_expo:generateReleaseResValues UP-TO-DATE
> Task :clerk_expo:generateReleaseResources UP-TO-DATE
> Task :clerk_expo:packageReleaseResources UP-TO-DATE
> Task :clerk_expo:parseReleaseLocalResources UP-TO-DATE
> Task :clerk_expo:generateReleaseRFile UP-TO-DATE
> Task :react-native-fast-tflite:extractSOFiles
> Task :react-native-fast-tflite:preReleaseBuild UP-TO-DATE
> Task :react-native-worklets:configureCMakeRelWithDebInfo[x86_64]
> Task :react-native-worklets:generateJsonModelRelease
> Task :expo-sqlite:configureCMakeRelWithDebInfo[x86_64]
> Task :react-native-fast-tflite:configureCMakeRelWithDebInfo[arm64-v8a]
> Task :expo-modules-core:configureCMakeRelWithDebInfo[x86_64]
> Task :react-native-screens:configureCMakeRelWithDebInfo[x86_64]
> Task :react-native-worklets:prefabReleaseConfigurePackage
> Task :react-native-reanimated:configureCMakeRelWithDebInfo[x86_64]
> Task :react-native-reanimated:generateJsonModelRelease
> Task :react-native-reanimated:prefabReleaseConfigurePackage
> Task :expo-sqlite:buildCMakeRelWithDebInfo[x86_64]
> Task :react-native-screens:buildCMakeRelWithDebInfo[x86_64]
> Task :expo-modules-core:buildCMakeRelWithDebInfo[x86_64]
> Task :expo-sqlite:mergeReleaseJniLibFolders
> Task :clerk_expo:compileReleaseKotlin UP-TO-DATE
> Task :react-native-gesture-handler:configureCMakeRelWithDebInfo[x86_64]
> Task :react-native-screens:mergeReleaseJniLibFolders UP-TO-DATE
> Task :react-native-worklets:buildCMakeRelWithDebInfo[x86_64][worklets]
> Task :expo-modules-core:mergeReleaseJniLibFolders UP-TO-DATE
> Task :react-native-screens:mergeReleaseNativeLibs
> Task :react-native-screens:copyReleaseJniLibsProjectOnly
> Task :clerk_expo:javaPreCompileRelease UP-TO-DATE
> Task :expo-sqlite:mergeReleaseNativeLibs
> Task :expo-modules-core:mergeReleaseNativeLibs
> Task :expo-modules-core:copyReleaseJniLibsProjectOnly
> Task :react-native-gesture-handler:checkKotlinGradlePluginConfigurationErrors SKIPPED
> Task :expo-sqlite:copyReleaseJniLibsProjectOnly
> Task :react-native-reanimated:generateReleaseBuildConfig UP-TO-DATE
> Task :react-native-reanimated:generateReleaseResValues UP-TO-DATE
> Task :react-native-reanimated:generateReleaseResources UP-TO-DATE
> Task :react-native-reanimated:packageReleaseResources UP-TO-DATE
> Task :react-native-reanimated:parseReleaseLocalResources UP-TO-DATE
> Task :react-native-worklets:externalNativeBuildRelease
> Task :react-native-gesture-handler:generateReleaseBuildConfig UP-TO-DATE
> Task :react-native-gesture-handler:generateReleaseResValues UP-TO-DATE
> Task :react-native-reanimated:generateReleaseRFile UP-TO-DATE
> Task :react-native-gesture-handler:generateReleaseResources UP-TO-DATE
> Task :react-native-reanimated:javaPreCompileRelease UP-TO-DATE
> Task :react-native-svg:generateReleaseBuildConfig UP-TO-DATE
> Task :react-native-gesture-handler:packageReleaseResources UP-TO-DATE
> Task :react-native-svg:generateReleaseResValues UP-TO-DATE
> Task :react-native-svg:generateReleaseResources UP-TO-DATE
> Task :clerk_expo:compileReleaseJavaWithJavac UP-TO-DATE
> Task :react-native-gesture-handler:parseReleaseLocalResources UP-TO-DATE
> Task :react-native-gesture-handler:generateReleaseRFile UP-TO-DATE
> Task :react-native-gesture-handler:javaPreCompileRelease UP-TO-DATE
> Task :react-native-safe-area-context:checkKotlinGradlePluginConfigurationErrors SKIPPED
> Task :react-native-svg:packageReleaseResources UP-TO-DATE
> Task :clerk_expo:bundleLibRuntimeToDirRelease UP-TO-DATE
> Task :react-native-safe-area-context:generateReleaseBuildConfig UP-TO-DATE
> Task :react-native-safe-area-context:generateReleaseResValues UP-TO-DATE
> Task :react-native-svg:parseReleaseLocalResources UP-TO-DATE
> Task :react-native-safe-area-context:generateReleaseResources UP-TO-DATE
> Task :react-native-svg:generateReleaseRFile UP-TO-DATE
> Task :react-native-safe-area-context:packageReleaseResources UP-TO-DATE
> Task :react-native-svg:javaPreCompileRelease UP-TO-DATE
> Task :react-native-safe-area-context:parseReleaseLocalResources UP-TO-DATE
> Task :react-native-safe-area-context:generateReleaseRFile UP-TO-DATE
> Task :react-native-screens:checkKotlinGradlePluginConfigurationErrors SKIPPED
> Task :react-native-screens:generateReleaseBuildConfig UP-TO-DATE
> Task :react-native-screens:generateReleaseResValues UP-TO-DATE
> Task :react-native-worklets:prefabReleasePackage
> Task :react-native-screens:generateReleaseResources UP-TO-DATE
> Task :react-native-worklets:mergeReleaseJniLibFolders UP-TO-DATE
> Task :react-native-worklets:mergeReleaseNativeLibs
> Task :react-native-svg:compileReleaseJavaWithJavac UP-TO-DATE
> Task :react-native-worklets:generateReleaseBuildConfig UP-TO-DATE
> Task :react-native-worklets:generateReleaseResValues UP-TO-DATE
> Task :react-native-worklets:generateReleaseResources UP-TO-DATE
> Task :react-native-worklets:packageReleaseResources UP-TO-DATE
> Task :react-native-worklets:parseReleaseLocalResources UP-TO-DATE
> Task :react-native-worklets:generateReleaseRFile UP-TO-DATE
> Task :react-native-worklets:javaPreCompileRelease UP-TO-DATE
> Task :react-native-worklets:compileReleaseJavaWithJavac UP-TO-DATE
> Task :react-native-safe-area-context:compileReleaseKotlin UP-TO-DATE
> Task :react-native-worklets:bundleLibCompileToJarRelease UP-TO-DATE
> Task :react-native-svg:bundleLibCompileToJarRelease UP-TO-DATE
> Task :react-native-safe-area-context:javaPreCompileRelease UP-TO-DATE
> Task :react-native-screens:packageReleaseResources UP-TO-DATE
> Task :react-native-worklets:copyReleaseJniLibsProjectOnly
> Task :react-native-safe-area-context:compileReleaseJavaWithJavac UP-TO-DATE
> Task :react-native-webview:checkKotlinGradlePluginConfigurationErrors SKIPPED
> Task :react-native-screens:parseReleaseLocalResources UP-TO-DATE
> Task :react-native-webview:generateReleaseBuildConfig UP-TO-DATE
> Task :react-native-webview:generateReleaseResValues UP-TO-DATE
> Task :react-native-safe-area-context:bundleLibRuntimeToDirRelease UP-TO-DATE
> Task :react-native-screens:generateReleaseRFile UP-TO-DATE
> Task :react-native-webview:generateReleaseResources UP-TO-DATE
> Task :solana-mobile_mobile-wallet-adapter-protocol:checkKotlinGradlePluginConfigurationErrors SKIPPED
> Task :react-native-webview:packageReleaseResources UP-TO-DATE
> Task :solana-mobile_mobile-wallet-adapter-protocol:generateReleaseBuildConfig UP-TO-DATE
> Task :react-native-webview:parseReleaseLocalResources UP-TO-DATE
> Task :solana-mobile_mobile-wallet-adapter-protocol:generateReleaseResValues UP-TO-DATE
> Task :solana-mobile_mobile-wallet-adapter-protocol:generateReleaseResources UP-TO-DATE
> Task :react-native-webview:generateReleaseRFile UP-TO-DATE
> Task :solana-mobile_mobile-wallet-adapter-protocol:packageReleaseResources UP-TO-DATE
> Task :solana-mobile_mobile-wallet-adapter-protocol:parseReleaseLocalResources UP-TO-DATE
> Task :solana-mobile_mobile-wallet-adapter-protocol:generateReleaseRFile UP-TO-DATE
> Task :react-native-webview:compileReleaseKotlin UP-TO-DATE
> Task :react-native-webview:javaPreCompileRelease UP-TO-DATE
> Task :react-native-webview:compileReleaseJavaWithJavac UP-TO-DATE
> Task :react-native-webview:bundleLibRuntimeToDirRelease UP-TO-DATE
> Task :solana-mobile_mobile-wallet-adapter-protocol:compileReleaseKotlin UP-TO-DATE
> Task :solana-mobile_mobile-wallet-adapter-protocol:javaPreCompileRelease UP-TO-DATE
> Task :solana-mobile_mobile-wallet-adapter-protocol:compileReleaseJavaWithJavac UP-TO-DATE
> Task :solana-mobile_mobile-wallet-adapter-protocol:bundleLibRuntimeToDirRelease UP-TO-DATE
> Task :expo:checkKotlinGradlePluginConfigurationErrors SKIPPED
> Task :expo:generateReleaseBuildConfig UP-TO-DATE
> Task :expo:generateReleaseResValues UP-TO-DATE
> Task :expo:generateReleaseResources UP-TO-DATE
> Task :react-native-reanimated:buildCMakeRelWithDebInfo[x86_64][reanimated]
> Task :expo:packageReleaseResources UP-TO-DATE
> Task :expo-constants:checkKotlinGradlePluginConfigurationErrors SKIPPED
> Task :expo:parseReleaseLocalResources UP-TO-DATE
> Task :expo-constants:generateReleaseBuildConfig UP-TO-DATE
> Task :expo-constants:generateReleaseResValues UP-TO-DATE
> Task :expo:generateReleaseRFile UP-TO-DATE
> Task :expo-modules-core:checkKotlinGradlePluginConfigurationErrors SKIPPED
> Task :expo-constants:generateReleaseResources UP-TO-DATE
> Task :expo-modules-core:generateReleaseBuildConfig UP-TO-DATE
> Task :expo-modules-core:generateReleaseResValues UP-TO-DATE
> Task :expo-constants:packageReleaseResources UP-TO-DATE
> Task :expo-constants:parseReleaseLocalResources UP-TO-DATE
> Task :expo-modules-core:generateReleaseResources UP-TO-DATE
> Task :expo-modules-core:packageReleaseResources UP-TO-DATE
> Task :expo-constants:generateReleaseRFile UP-TO-DATE
> Task :expo-modules-core:parseReleaseLocalResources UP-TO-DATE
> Task :expo-constants:javaPreCompileRelease UP-TO-DATE
> Task :expo-sqlite:checkKotlinGradlePluginConfigurationErrors SKIPPED
> Task :expo-sqlite:generateReleaseBuildConfig
> Task :expo-sqlite:generateReleaseResValues
> Task :expo-sqlite:generateReleaseResources
> Task :react-native-reanimated:externalNativeBuildRelease
> Task :expo-modules-core:generateReleaseRFile UP-TO-DATE
> Task :expo-sqlite:packageReleaseResources
> Task :react-native-screens:compileReleaseKotlin UP-TO-DATE
> Task :react-native-screens:javaPreCompileRelease UP-TO-DATE
> Task :expo-sqlite:parseReleaseLocalResources
> Task :react-native-screens:compileReleaseJavaWithJavac UP-TO-DATE
> Task :expo-modules-core:compileReleaseKotlin UP-TO-DATE
> Task :expo-modules-core:javaPreCompileRelease UP-TO-DATE
> Task :react-native-screens:bundleLibRuntimeToDirRelease UP-TO-DATE
> Task :expo-modules-core:compileReleaseJavaWithJavac UP-TO-DATE
> Task :expo-modules-core:bundleLibCompileToJarRelease UP-TO-DATE
> Task :react-native-reanimated:prefabReleasePackage
> Task :expo-sqlite:javaPreCompileRelease
> Task :expo-sqlite:generateReleaseRFile
> Task :expo-constants:compileReleaseKotlin UP-TO-DATE
> Task :app:configureCMakeRelWithDebInfo[x86_64]
> Task :react-native-gesture-handler:buildCMakeRelWithDebInfo[x86_64]
> Task :react-native-gesture-handler:mergeReleaseNativeLibs
> Task :react-native-gesture-handler:copyReleaseJniLibsProjectOnly
> Task :expo-constants:compileReleaseJavaWithJavac UP-TO-DATE
> Task :expo-constants:bundleLibCompileToJarRelease UP-TO-DATE
> Task :expo:javaPreCompileRelease UP-TO-DATE
> Task :react-native-reanimated:mergeReleaseNativeLibs
> Task :react-native-svg:bundleLibRuntimeToDirRelease UP-TO-DATE
> Task :react-native-worklets:bundleLibRuntimeToDirRelease UP-TO-DATE
> Task :expo-constants:bundleLibRuntimeToDirRelease
> Task :expo-modules-core:bundleLibRuntimeToDirRelease
> Task :react-native-fast-tflite:buildCMakeRelWithDebInfo[arm64-v8a]
C/C++: ninja: Entering directory `/home/d/Desktop/jsmastery/node_modules/react-native-fast-tflite/android/.cxx/RelWithDebInfo/1x3y3830/arm64-v8a'
C/C++: /home/d/Desktop/jsmastery/node_modules/react-native-fast-tflite/cpp/TensorflowPlugin.cpp:73:11: warning: ignoring return value of function declared with 'nodiscard' attribute [-Wunused-result]
C/C++:    73 |           std::async(std::launch::async, [=, &runtime]() {
C/C++:       |           ^~~~~~~~~~ ~~~~~~~~~~~~~~~~~~~~~~~~~~~~~~~~~~~~~
C/C++:    74 |             try {
C/C++:       |             ~~~~~
C/C++:    75 |               // Fetch model from URL (JS bundle)
C/C++:       |               ~~~~~~~~~~~~~~~~~~~~~~~~~~~~~~~~~~~
C/C++:    76 |               Buffer buffer = fetchURL(modelPath);
C/C++:       |               ~~~~~~~~~~~~~~~~~~~~~~~~~~~~~~~~~~~~
C/C++:    77 | 
C/C++:    78 |               // Load Model into Tensorflow
C/C++:       |               ~~~~~~~~~~~~~~~~~~~~~~~~~~~~~
C/C++:    79 |               auto model = TfLiteModelCreate(buffer.data, buffer.size);
C/C++:       |               ~~~~~~~~~~~~~~~~~~~~~~~~~~~~~~~~~~~~~~~~~~~~~~~~~~~~~~~~~
C/C++:    80 |               if (model == nullptr) {
C/C++:       |               ~~~~~~~~~~~~~~~~~~~~~~~
C/C++:    81 |                 callInvoker->invokeAsync(
C/C++:       |                 ~~~~~~~~~~~~~~~~~~~~~~~~~
C/C++:    82 |                     [=]() { promise->reject("Failed to load model from \"" + modelPath + "\"!"); });
C/C++:       |                     ~~~~~~~~~~~~~~~~~~~~~~~~~~~~~~~~~~~~~~~~~~~~~~~~~~~~~~~~~~~~~~~~~~~~~~~~~~~~~~~~
C/C++:    83 |                 return;
C/C++:       |                 ~~~~~~~
C/C++:    84 |               }
C/C++:       |               ~
C/C++:    85 | 
C/C++:    86 |               // Create TensorFlow Interpreter
C/C++:       |               ~~~~~~~~~~~~~~~~~~~~~~~~~~~~~~~~
C/C++:    87 |               auto options = TfLiteInterpreterOptionsCreate();
C/C++:       |               ~~~~~~~~~~~~~~~~~~~~~~~~~~~~~~~~~~~~~~~~~~~~~~~~
C/C++:    88 | 
C/C++: /home/d/Desktop/jsmastery/node_modules/react-native-fast-tflite/cpp/TensorflowPlugin.cpp:317:17: warning: ignoring return value of function declared with 'nodiscard' attribute [-Wunused-result]
C/C++:   317 |                 std::async(std::launch::async, [=, &runtime]() {
C/C++:       |                 ^~~~~~~~~~ ~~~~~~~~~~~~~~~~~~~~~~~~~~~~~~~~~~~~~
C/C++:   318 |                   // 2.
C/C++:       |                   ~~~~~
C/C++:   319 |                   try {
C/C++:       |                   ~~~~~
C/C++:   320 |                     this->run();
C/C++:       |                     ~~~~~~~~~~~~
C/C++:   321 | 
C/C++:   322 |                     this->_callInvoker->invokeAsync([=, &runtime]() {
C/C++:       |                     ~~~~~~~~~~~~~~~~~~~~~~~~~~~~~~~~~~~~~~~~~~~~~~~~~
C/C++:   323 |                       // 3.
C/C++:       |                       ~~~~~
C/C++:   324 |                       auto result = this->copyOutputBuffers(runtime);
C/C++:       |                       ~~~~~~~~~~~~~~~~~~~~~~~~~~~~~~~~~~~~~~~~~~~~~~~
C/C++:   325 |                       promise->resolve(std::move(result));
C/C++:       |                       ~~~~~~~~~~~~~~~~~~~~~~~~~~~~~~~~~~~~
C/C++:   326 |                     });
C/C++:       |                     ~~~
C/C++:   327 |                   } catch (std::exception& error) {
C/C++:       |                   ~~~~~~~~~~~~~~~~~~~~~~~~~~~~~~~~~
C/C++:   328 |                     promise->reject(error.what());
C/C++:       |                     ~~~~~~~~~~~~~~~~~~~~~~~~~~~~~~
C/C++:   329 |                   }
C/C++:       |                   ~
C/C++:   330 |                 });
C/C++:       |                 ~
C/C++: 2 warnings generated.

> Task :react-native-fast-tflite:configureCMakeRelWithDebInfo[armeabi-v7a]

> Task :react-native-reanimated:compileReleaseJavaWithJavac
Note: Some input files use or override a deprecated API.
Note: Recompile with -Xlint:deprecation for details.
Note: Some input files use unchecked or unsafe operations.
Note: Recompile with -Xlint:unchecked for details.

> Task :expo-sqlite:compileReleaseKotlin
> Task :app:buildCMakeRelWithDebInfo[x86_64]
> Task :react-native-reanimated:copyReleaseJniLibsProjectOnly
> Task :react-native-reanimated:bundleLibCompileToJarRelease
> Task :react-native-reanimated:bundleLibRuntimeToDirRelease
> Task :clerk_expo:writeReleaseAarMetadata UP-TO-DATE
> Task :expo:writeReleaseAarMetadata UP-TO-DATE
> Task :expo-constants:writeReleaseAarMetadata UP-TO-DATE
> Task :expo-modules-core:writeReleaseAarMetadata UP-TO-DATE
> Task :expo-sqlite:writeReleaseAarMetadata
> Task :react-native-gesture-handler:writeReleaseAarMetadata UP-TO-DATE
> Task :react-native-reanimated:writeReleaseAarMetadata
> Task :react-native-safe-area-context:writeReleaseAarMetadata UP-TO-DATE
> Task :react-native-screens:writeReleaseAarMetadata UP-TO-DATE
> Task :react-native-svg:writeReleaseAarMetadata UP-TO-DATE
> Task :react-native-webview:writeReleaseAarMetadata UP-TO-DATE
> Task :react-native-worklets:writeReleaseAarMetadata UP-TO-DATE
> Task :solana-mobile_mobile-wallet-adapter-protocol:writeReleaseAarMetadata UP-TO-DATE
> Task :clerk_expo:extractDeepLinksRelease UP-TO-DATE
> Task :clerk_expo:processReleaseManifest UP-TO-DATE
> Task :expo:extractDeepLinksRelease UP-TO-DATE
> Task :expo:processReleaseManifest UP-TO-DATE
> Task :expo-constants:extractDeepLinksRelease UP-TO-DATE
> Task :expo-constants:processReleaseManifest UP-TO-DATE
> Task :expo-modules-core:extractDeepLinksRelease UP-TO-DATE
> Task :expo-modules-core:processReleaseManifest UP-TO-DATE
> Task :expo-sqlite:extractDeepLinksRelease
> Task :expo-sqlite:processReleaseManifest
> Task :react-native-gesture-handler:extractDeepLinksRelease UP-TO-DATE
> Task :react-native-gesture-handler:processReleaseManifest UP-TO-DATE
> Task :react-native-reanimated:extractDeepLinksRelease
> Task :react-native-reanimated:processReleaseManifest
> Task :react-native-safe-area-context:extractDeepLinksRelease UP-TO-DATE
> Task :react-native-safe-area-context:processReleaseManifest UP-TO-DATE
> Task :react-native-screens:extractDeepLinksRelease UP-TO-DATE
> Task :react-native-screens:processReleaseManifest UP-TO-DATE
> Task :react-native-svg:extractDeepLinksRelease UP-TO-DATE
> Task :react-native-svg:processReleaseManifest UP-TO-DATE
> Task :react-native-webview:extractDeepLinksRelease UP-TO-DATE
> Task :react-native-webview:processReleaseManifest UP-TO-DATE
> Task :react-native-worklets:extractDeepLinksRelease UP-TO-DATE
> Task :react-native-fast-tflite:buildCMakeRelWithDebInfo[armeabi-v7a]
> Task :react-native-worklets:processReleaseManifest UP-TO-DATE
> Task :solana-mobile_mobile-wallet-adapter-protocol:extractDeepLinksRelease UP-TO-DATE
> Task :solana-mobile_mobile-wallet-adapter-protocol:processReleaseManifest UP-TO-DATE
> Task :clerk_expo:compileReleaseLibraryResources UP-TO-DATE
> Task :expo:compileReleaseLibraryResources UP-TO-DATE
> Task :expo-constants:compileReleaseLibraryResources UP-TO-DATE
> Task :expo-modules-core:compileReleaseLibraryResources UP-TO-DATE
> Task :expo-sqlite:compileReleaseLibraryResources
> Task :react-native-gesture-handler:compileReleaseLibraryResources UP-TO-DATE
> Task :react-native-reanimated:compileReleaseLibraryResources
> Task :react-native-safe-area-context:compileReleaseLibraryResources UP-TO-DATE
> Task :react-native-screens:compileReleaseLibraryResources UP-TO-DATE
> Task :react-native-svg:compileReleaseLibraryResources UP-TO-DATE
> Task :react-native-webview:compileReleaseLibraryResources UP-TO-DATE
> Task :react-native-worklets:compileReleaseLibraryResources UP-TO-DATE
> Task :solana-mobile_mobile-wallet-adapter-protocol:compileReleaseLibraryResources UP-TO-DATE
> Task :clerk_expo:bundleLibCompileToJarRelease UP-TO-DATE
> Task :react-native-safe-area-context:bundleLibCompileToJarRelease UP-TO-DATE
> Task :react-native-screens:bundleLibCompileToJarRelease UP-TO-DATE
> Task :react-native-webview:bundleLibCompileToJarRelease UP-TO-DATE
> Task :solana-mobile_mobile-wallet-adapter-protocol:bundleLibCompileToJarRelease UP-TO-DATE
> Task :clerk_expo:prepareReleaseArtProfile UP-TO-DATE
> Task :expo:prepareReleaseArtProfile UP-TO-DATE
> Task :expo-constants:prepareReleaseArtProfile UP-TO-DATE
> Task :expo-modules-core:prepareReleaseArtProfile UP-TO-DATE
> Task :expo-sqlite:prepareReleaseArtProfile
> Task :react-native-gesture-handler:prepareReleaseArtProfile UP-TO-DATE
> Task :react-native-reanimated:prepareReleaseArtProfile
> Task :react-native-safe-area-context:prepareReleaseArtProfile UP-TO-DATE
> Task :react-native-screens:prepareReleaseArtProfile UP-TO-DATE
> Task :react-native-svg:prepareReleaseArtProfile UP-TO-DATE
> Task :react-native-webview:prepareReleaseArtProfile UP-TO-DATE
> Task :react-native-worklets:prepareReleaseArtProfile UP-TO-DATE
> Task :solana-mobile_mobile-wallet-adapter-protocol:prepareReleaseArtProfile UP-TO-DATE
> Task :clerk_expo:bundleLibRuntimeToJarRelease UP-TO-DATE
> Task :react-native-safe-area-context:bundleLibRuntimeToJarRelease UP-TO-DATE
> Task :react-native-screens:bundleLibRuntimeToJarRelease UP-TO-DATE
> Task :react-native-webview:bundleLibRuntimeToJarRelease UP-TO-DATE
> Task :solana-mobile_mobile-wallet-adapter-protocol:bundleLibRuntimeToJarRelease UP-TO-DATE
> Task :react-native-reanimated:bundleLibRuntimeToJarRelease
> Task :react-native-svg:bundleLibRuntimeToJarRelease UP-TO-DATE
> Task :react-native-worklets:bundleLibRuntimeToJarRelease UP-TO-DATE
> Task :expo-modules-core:bundleLibRuntimeToJarRelease
> Task :react-native-gesture-handler:compileReleaseKotlin

> Task :react-native-fast-tflite:buildCMakeRelWithDebInfo[armeabi-v7a]
C/C++: ninja: Entering directory `/home/d/Desktop/jsmastery/node_modules/react-native-fast-tflite/android/.cxx/RelWithDebInfo/1x3y3830/armeabi-v7a'
C/C++: /home/d/Desktop/jsmastery/node_modules/react-native-fast-tflite/cpp/TensorflowPlugin.cpp:73:11: warning: ignoring return value of function declared with 'nodiscard' attribute [-Wunused-result]
C/C++:    73 |           std::async(std::launch::async, [=, &runtime]() {
C/C++:       |           ^~~~~~~~~~ ~~~~~~~~~~~~~~~~~~~~~~~~~~~~~~~~~~~~~
C/C++:    74 |             try {
C/C++:       |             ~~~~~
C/C++:    75 |               // Fetch model from URL (JS bundle)
C/C++:       |               ~~~~~~~~~~~~~~~~~~~~~~~~~~~~~~~~~~~
C/C++:    76 |               Buffer buffer = fetchURL(modelPath);
C/C++:       |               ~~~~~~~~~~~~~~~~~~~~~~~~~~~~~~~~~~~~
C/C++:    77 | 
C/C++:    78 |               // Load Model into Tensorflow
C/C++:       |               ~~~~~~~~~~~~~~~~~~~~~~~~~~~~~
C/C++:    79 |               auto model = TfLiteModelCreate(buffer.data, buffer.size);
C/C++:       |               ~~~~~~~~~~~~~~~~~~~~~~~~~~~~~~~~~~~~~~~~~~~~~~~~~~~~~~~~~
C/C++:    80 |               if (model == nullptr) {
C/C++:       |               ~~~~~~~~~~~~~~~~~~~~~~~
C/C++:    81 |                 callInvoker->invokeAsync(
C/C++:       |                 ~~~~~~~~~~~~~~~~~~~~~~~~~
C/C++:    82 |                     [=]() { promise->reject("Failed to load model from \"" + modelPath + "\"!"); });
C/C++:       |                     ~~~~~~~~~~~~~~~~~~~~~~~~~~~~~~~~~~~~~~~~~~~~~~~~~~~~~~~~~~~~~~~~~~~~~~~~~~~~~~~~
C/C++:    83 |                 return;
C/C++:       |                 ~~~~~~~
C/C++:    84 |               }
C/C++:       |               ~
C/C++:    85 | 
C/C++:    86 |               // Create TensorFlow Interpreter
C/C++:       |               ~~~~~~~~~~~~~~~~~~~~~~~~~~~~~~~~
C/C++:    87 |               auto options = TfLiteInterpreterOptionsCreate();
C/C++:       |               ~~~~~~~~~~~~~~~~~~~~~~~~~~~~~~~~~~~~~~~~~~~~~~~~
C/C++:    88 | 
C/C++: /home/d/Desktop/jsmastery/node_modules/react-native-fast-tflite/cpp/TensorflowPlugin.cpp:317:17: warning: ignoring return value of function declared with 'nodiscard' attribute [-Wunused-result]
C/C++:   317 |                 std::async(std::launch::async, [=, &runtime]() {
C/C++:       |                 ^~~~~~~~~~ ~~~~~~~~~~~~~~~~~~~~~~~~~~~~~~~~~~~~~
C/C++:   318 |                   // 2.
C/C++:       |                   ~~~~~
C/C++:   319 |                   try {
C/C++:       |                   ~~~~~
C/C++:   320 |                     this->run();
C/C++:       |                     ~~~~~~~~~~~~
C/C++:   321 | 
C/C++:   322 |                     this->_callInvoker->invokeAsync([=, &runtime]() {
C/C++:       |                     ~~~~~~~~~~~~~~~~~~~~~~~~~~~~~~~~~~~~~~~~~~~~~~~~~
C/C++:   323 |                       // 3.
C/C++:       |                       ~~~~~
C/C++:   324 |                       auto result = this->copyOutputBuffers(runtime);
C/C++:       |                       ~~~~~~~~~~~~~~~~~~~~~~~~~~~~~~~~~~~~~~~~~~~~~~~
C/C++:   325 |                       promise->resolve(std::move(result));
C/C++:       |                       ~~~~~~~~~~~~~~~~~~~~~~~~~~~~~~~~~~~~
C/C++:   326 |                     });
C/C++:       |                     ~~~
C/C++:   327 |                   } catch (std::exception& error) {
C/C++:       |                   ~~~~~~~~~~~~~~~~~~~~~~~~~~~~~~~~~
C/C++:   328 |                     promise->reject(error.what());
C/C++:       |                     ~~~~~~~~~~~~~~~~~~~~~~~~~~~~~~
C/C++:   329 |                   }
C/C++:       |                   ~
C/C++:   330 |                 });
C/C++:       |                 ~
C/C++: 2 warnings generated.

> Task :react-native-fast-tflite:configureCMakeRelWithDebInfo[x86]
> Task :react-native-fast-tflite:buildCMakeRelWithDebInfo[x86]
C/C++: ninja: Entering directory `/home/d/Desktop/jsmastery/node_modules/react-native-fast-tflite/android/.cxx/RelWithDebInfo/1x3y3830/x86'
C/C++: /home/d/Desktop/jsmastery/node_modules/react-native-fast-tflite/cpp/TensorflowPlugin.cpp:73:11: warning: ignoring return value of function declared with 'nodiscard' attribute [-Wunused-result]
C/C++:    73 |           std::async(std::launch::async, [=, &runtime]() {
C/C++:       |           ^~~~~~~~~~ ~~~~~~~~~~~~~~~~~~~~~~~~~~~~~~~~~~~~~
C/C++:    74 |             try {
C/C++:       |             ~~~~~
C/C++:    75 |               // Fetch model from URL (JS bundle)
C/C++:       |               ~~~~~~~~~~~~~~~~~~~~~~~~~~~~~~~~~~~
C/C++:    76 |               Buffer buffer = fetchURL(modelPath);
C/C++:       |               ~~~~~~~~~~~~~~~~~~~~~~~~~~~~~~~~~~~~
C/C++:    77 | 
C/C++:    78 |               // Load Model into Tensorflow
C/C++:       |               ~~~~~~~~~~~~~~~~~~~~~~~~~~~~~
C/C++:    79 |               auto model = TfLiteModelCreate(buffer.data, buffer.size);
C/C++:       |               ~~~~~~~~~~~~~~~~~~~~~~~~~~~~~~~~~~~~~~~~~~~~~~~~~~~~~~~~~
C/C++:    80 |               if (model == nullptr) {
C/C++:       |               ~~~~~~~~~~~~~~~~~~~~~~~
C/C++:    81 |                 callInvoker->invokeAsync(
C/C++:       |                 ~~~~~~~~~~~~~~~~~~~~~~~~~
C/C++:    82 |                     [=]() { promise->reject("Failed to load model from \"" + modelPath + "\"!"); });
C/C++:       |                     ~~~~~~~~~~~~~~~~~~~~~~~~~~~~~~~~~~~~~~~~~~~~~~~~~~~~~~~~~~~~~~~~~~~~~~~~~~~~~~~~
C/C++:    83 |                 return;
C/C++:       |                 ~~~~~~~
C/C++:    84 |               }
C/C++:       |               ~
C/C++:    85 | 
C/C++:    86 |               // Create TensorFlow Interpreter
C/C++:       |               ~~~~~~~~~~~~~~~~~~~~~~~~~~~~~~~~
C/C++:    87 |               auto options = TfLiteInterpreterOptionsCreate();
C/C++:       |               ~~~~~~~~~~~~~~~~~~~~~~~~~~~~~~~~~~~~~~~~~~~~~~~~
C/C++:    88 | 
C/C++: /home/d/Desktop/jsmastery/node_modules/react-native-fast-tflite/cpp/TensorflowPlugin.cpp:317:17: warning: ignoring return value of function declared with 'nodiscard' attribute [-Wunused-result]
C/C++:   317 |                 std::async(std::launch::async, [=, &runtime]() {
C/C++:       |                 ^~~~~~~~~~ ~~~~~~~~~~~~~~~~~~~~~~~~~~~~~~~~~~~~~
C/C++:   318 |                   // 2.
C/C++:       |                   ~~~~~
C/C++:   319 |                   try {
C/C++:       |                   ~~~~~
C/C++:   320 |                     this->run();
C/C++:       |                     ~~~~~~~~~~~~
C/C++:   321 | 
C/C++:   322 |                     this->_callInvoker->invokeAsync([=, &runtime]() {
C/C++:       |                     ~~~~~~~~~~~~~~~~~~~~~~~~~~~~~~~~~~~~~~~~~~~~~~~~~
C/C++:   323 |                       // 3.
C/C++:       |                       ~~~~~
C/C++:   324 |                       auto result = this->copyOutputBuffers(runtime);
C/C++:       |                       ~~~~~~~~~~~~~~~~~~~~~~~~~~~~~~~~~~~~~~~~~~~~~~~
C/C++:   325 |                       promise->resolve(std::move(result));
C/C++:       |                       ~~~~~~~~~~~~~~~~~~~~~~~~~~~~~~~~~~~~
C/C++:   326 |                     });
C/C++:       |                     ~~~
C/C++:   327 |                   } catch (std::exception& error) {
C/C++:       |                   ~~~~~~~~~~~~~~~~~~~~~~~~~~~~~~~~~
C/C++:   328 |                     promise->reject(error.what());
C/C++:       |                     ~~~~~~~~~~~~~~~~~~~~~~~~~~~~~~
C/C++:   329 |                   }
C/C++:       |                   ~
C/C++:   330 |                 });
C/C++:       |                 ~
C/C++: 2 warnings generated.

> Task :react-native-fast-tflite:configureCMakeRelWithDebInfo[x86_64]
> Task :expo-constants:bundleLibRuntimeToJarRelease
> Task :clerk_expo:mergeReleaseShaders UP-TO-DATE
> Task :clerk_expo:compileReleaseShaders NO-SOURCE
> Task :clerk_expo:generateReleaseAssets UP-TO-DATE
> Task :clerk_expo:mergeReleaseAssets UP-TO-DATE
> Task :expo:mergeReleaseShaders UP-TO-DATE
> Task :expo:compileReleaseShaders NO-SOURCE
> Task :expo:generateReleaseAssets UP-TO-DATE
> Task :expo:mergeReleaseAssets UP-TO-DATE
> Task :expo-constants:mergeReleaseShaders UP-TO-DATE
> Task :expo-constants:compileReleaseShaders NO-SOURCE
> Task :expo-constants:generateReleaseAssets UP-TO-DATE
> Task :expo-constants:mergeReleaseAssets UP-TO-DATE
> Task :expo-modules-core:mergeReleaseShaders UP-TO-DATE
> Task :expo-modules-core:compileReleaseShaders NO-SOURCE
> Task :expo-modules-core:generateReleaseAssets UP-TO-DATE
> Task :expo-modules-core:mergeReleaseAssets UP-TO-DATE
> Task :expo-sqlite:mergeReleaseShaders
> Task :expo-sqlite:compileReleaseShaders NO-SOURCE
> Task :expo-sqlite:generateReleaseAssets UP-TO-DATE
> Task :expo-sqlite:mergeReleaseAssets
> Task :react-native-gesture-handler:mergeReleaseShaders UP-TO-DATE
> Task :react-native-gesture-handler:compileReleaseShaders NO-SOURCE
> Task :react-native-gesture-handler:generateReleaseAssets UP-TO-DATE
> Task :react-native-gesture-handler:mergeReleaseAssets UP-TO-DATE
> Task :react-native-reanimated:mergeReleaseShaders
> Task :react-native-reanimated:compileReleaseShaders NO-SOURCE
> Task :react-native-reanimated:generateReleaseAssets UP-TO-DATE
> Task :react-native-reanimated:mergeReleaseAssets
> Task :react-native-safe-area-context:mergeReleaseShaders UP-TO-DATE
> Task :react-native-safe-area-context:compileReleaseShaders NO-SOURCE
> Task :react-native-safe-area-context:generateReleaseAssets UP-TO-DATE
> Task :react-native-safe-area-context:mergeReleaseAssets UP-TO-DATE
> Task :react-native-screens:mergeReleaseShaders UP-TO-DATE
> Task :react-native-screens:compileReleaseShaders NO-SOURCE
> Task :react-native-screens:generateReleaseAssets UP-TO-DATE
> Task :react-native-screens:mergeReleaseAssets UP-TO-DATE
> Task :react-native-svg:mergeReleaseShaders UP-TO-DATE
> Task :react-native-svg:compileReleaseShaders NO-SOURCE
> Task :react-native-svg:generateReleaseAssets UP-TO-DATE
> Task :react-native-svg:mergeReleaseAssets UP-TO-DATE
> Task :react-native-webview:mergeReleaseShaders UP-TO-DATE
> Task :react-native-webview:compileReleaseShaders NO-SOURCE
> Task :react-native-webview:generateReleaseAssets UP-TO-DATE
> Task :react-native-webview:mergeReleaseAssets UP-TO-DATE
> Task :react-native-worklets:mergeReleaseShaders UP-TO-DATE
> Task :react-native-worklets:compileReleaseShaders NO-SOURCE
> Task :react-native-worklets:generateReleaseAssets UP-TO-DATE
> Task :react-native-worklets:mergeReleaseAssets UP-TO-DATE
> Task :solana-mobile_mobile-wallet-adapter-protocol:mergeReleaseShaders UP-TO-DATE
> Task :solana-mobile_mobile-wallet-adapter-protocol:compileReleaseShaders NO-SOURCE
> Task :solana-mobile_mobile-wallet-adapter-protocol:generateReleaseAssets UP-TO-DATE
> Task :solana-mobile_mobile-wallet-adapter-protocol:mergeReleaseAssets UP-TO-DATE
> Task :clerk_expo:processReleaseJavaRes UP-TO-DATE
> Task :clerk_expo:createFullJarRelease UP-TO-DATE
> Task :clerk_expo:extractProguardFiles UP-TO-DATE
> Task :expo:extractProguardFiles UP-TO-DATE
> Task :expo-constants:processReleaseJavaRes
> Task :expo-constants:createFullJarRelease
> Task :expo-constants:extractProguardFiles UP-TO-DATE
> Task :react-native-fast-tflite:buildCMakeRelWithDebInfo[x86_64]
> Task :expo-modules-core:processReleaseJavaRes
> Task :expo-modules-core:createFullJarRelease
> Task :expo-modules-core:extractProguardFiles UP-TO-DATE
> Task :clerk_expo:generateReleaseLintModel UP-TO-DATE
> Task :clerk_expo:prepareLintJarForPublish UP-TO-DATE
> Task :expo-constants:prepareLintJarForPublish UP-TO-DATE
> Task :expo-sqlite:extractProguardFiles
> Task :expo-sqlite:prepareLintJarForPublish
> Task :expo:prepareLintJarForPublish UP-TO-DATE
> Task :react-native-gesture-handler:extractProguardFiles UP-TO-DATE
> Task :react-native-reanimated:processReleaseJavaRes NO-SOURCE
> Task :react-native-reanimated:createFullJarRelease
> Task :react-native-reanimated:extractProguardFiles
> Task :react-native-worklets:processReleaseJavaRes NO-SOURCE
> Task :react-native-worklets:createFullJarRelease UP-TO-DATE
> Task :react-native-worklets:extractProguardFiles UP-TO-DATE
> Task :react-native-worklets:generateReleaseLintModel UP-TO-DATE
> Task :react-native-worklets:prepareLintJarForPublish UP-TO-DATE
> Task :expo-modules-core:generateReleaseLintModel
> Task :expo-modules-core:prepareLintJarForPublish UP-TO-DATE
> Task :react-native-reanimated:generateReleaseLintModel
> Task :react-native-reanimated:prepareLintJarForPublish
> Task :react-native-svg:processReleaseJavaRes NO-SOURCE
> Task :react-native-svg:createFullJarRelease UP-TO-DATE
> Task :react-native-svg:extractProguardFiles UP-TO-DATE
> Task :react-native-svg:generateReleaseLintModel UP-TO-DATE
> Task :react-native-svg:prepareLintJarForPublish UP-TO-DATE
> Task :react-native-gesture-handler:prepareLintJarForPublish UP-TO-DATE
> Task :react-native-safe-area-context:processReleaseJavaRes UP-TO-DATE
> Task :react-native-safe-area-context:createFullJarRelease UP-TO-DATE
> Task :expo-constants:generateReleaseLintModel
> Task :react-native-safe-area-context:extractProguardFiles UP-TO-DATE
> Task :react-native-screens:processReleaseJavaRes UP-TO-DATE
> Task :react-native-screens:createFullJarRelease UP-TO-DATE
> Task :react-native-screens:extractProguardFiles UP-TO-DATE
> Task :react-native-safe-area-context:generateReleaseLintModel UP-TO-DATE
> Task :react-native-safe-area-context:prepareLintJarForPublish UP-TO-DATE
> Task :react-native-webview:processReleaseJavaRes UP-TO-DATE
> Task :react-native-webview:createFullJarRelease UP-TO-DATE
> Task :react-native-webview:extractProguardFiles UP-TO-DATE
> Task :react-native-webview:generateReleaseLintModel UP-TO-DATE
> Task :react-native-webview:prepareLintJarForPublish UP-TO-DATE
> Task :solana-mobile_mobile-wallet-adapter-protocol:processReleaseJavaRes UP-TO-DATE
> Task :solana-mobile_mobile-wallet-adapter-protocol:createFullJarRelease UP-TO-DATE
> Task :solana-mobile_mobile-wallet-adapter-protocol:extractProguardFiles UP-TO-DATE
> Task :react-native-screens:generateReleaseLintModel UP-TO-DATE
> Task :react-native-screens:prepareLintJarForPublish UP-TO-DATE
> Task :clerk_expo:stripReleaseDebugSymbols NO-SOURCE
> Task :clerk_expo:copyReleaseJniLibsProjectAndLocalJars UP-TO-DATE
> Task :clerk_expo:extractDeepLinksForAarRelease UP-TO-DATE
> Task :clerk_expo:extractReleaseAnnotations UP-TO-DATE
> Task :clerk_expo:mergeReleaseGeneratedProguardFiles UP-TO-DATE
> Task :clerk_expo:mergeReleaseConsumerProguardFiles UP-TO-DATE
> Task :solana-mobile_mobile-wallet-adapter-protocol:generateReleaseLintModel UP-TO-DATE
> Task :clerk_expo:mergeReleaseJavaResource UP-TO-DATE
> Task :solana-mobile_mobile-wallet-adapter-protocol:prepareLintJarForPublish UP-TO-DATE
> Task :clerk_expo:syncReleaseLibJars UP-TO-DATE
> Task :clerk_expo:bundleReleaseLocalLintAar UP-TO-DATE
> Task :react-native-safe-area-context:stripReleaseDebugSymbols NO-SOURCE
> Task :react-native-safe-area-context:copyReleaseJniLibsProjectAndLocalJars UP-TO-DATE
> Task :react-native-safe-area-context:extractDeepLinksForAarRelease UP-TO-DATE
> Task :react-native-safe-area-context:extractReleaseAnnotations UP-TO-DATE
> Task :react-native-safe-area-context:mergeReleaseGeneratedProguardFiles UP-TO-DATE
> Task :react-native-safe-area-context:mergeReleaseConsumerProguardFiles UP-TO-DATE
> Task :react-native-safe-area-context:mergeReleaseJavaResource UP-TO-DATE
> Task :react-native-gesture-handler:extractDeepLinksForAarRelease UP-TO-DATE
> Task :react-native-safe-area-context:syncReleaseLibJars UP-TO-DATE
> Task :react-native-safe-area-context:bundleReleaseLocalLintAar UP-TO-DATE
> Task :react-native-screens:stripReleaseDebugSymbols
> Task :react-native-screens:copyReleaseJniLibsProjectAndLocalJars
> Task :react-native-screens:extractDeepLinksForAarRelease UP-TO-DATE
> Task :react-native-gesture-handler:stripReleaseDebugSymbols
> Task :react-native-gesture-handler:copyReleaseJniLibsProjectAndLocalJars
> Task :react-native-webview:stripReleaseDebugSymbols NO-SOURCE
> Task :react-native-screens:extractReleaseAnnotations UP-TO-DATE
> Task :react-native-webview:copyReleaseJniLibsProjectAndLocalJars UP-TO-DATE
> Task :react-native-screens:mergeReleaseGeneratedProguardFiles UP-TO-DATE
> Task :react-native-webview:extractDeepLinksForAarRelease UP-TO-DATE
> Task :react-native-screens:mergeReleaseConsumerProguardFiles UP-TO-DATE
> Task :react-native-screens:mergeReleaseJavaResource UP-TO-DATE
> Task :react-native-screens:syncReleaseLibJars UP-TO-DATE
> Task :react-native-webview:extractReleaseAnnotations UP-TO-DATE
> Task :react-native-webview:mergeReleaseGeneratedProguardFiles UP-TO-DATE
> Task :react-native-webview:mergeReleaseConsumerProguardFiles UP-TO-DATE
> Task :react-native-webview:mergeReleaseJavaResource UP-TO-DATE
> Task :react-native-webview:syncReleaseLibJars UP-TO-DATE
> Task :react-native-webview:bundleReleaseLocalLintAar UP-TO-DATE
> Task :solana-mobile_mobile-wallet-adapter-protocol:stripReleaseDebugSymbols NO-SOURCE
> Task :solana-mobile_mobile-wallet-adapter-protocol:copyReleaseJniLibsProjectAndLocalJars UP-TO-DATE
> Task :solana-mobile_mobile-wallet-adapter-protocol:extractDeepLinksForAarRelease UP-TO-DATE
> Task :react-native-screens:bundleReleaseLocalLintAar
> Task :solana-mobile_mobile-wallet-adapter-protocol:extractReleaseAnnotations UP-TO-DATE
> Task :solana-mobile_mobile-wallet-adapter-protocol:mergeReleaseGeneratedProguardFiles UP-TO-DATE
> Task :solana-mobile_mobile-wallet-adapter-protocol:mergeReleaseConsumerProguardFiles UP-TO-DATE
> Task :solana-mobile_mobile-wallet-adapter-protocol:mergeReleaseJavaResource UP-TO-DATE
> Task :solana-mobile_mobile-wallet-adapter-protocol:syncReleaseLibJars UP-TO-DATE
> Task :solana-mobile_mobile-wallet-adapter-protocol:bundleReleaseLocalLintAar UP-TO-DATE
> Task :expo:stripReleaseDebugSymbols NO-SOURCE
> Task :expo:copyReleaseJniLibsProjectAndLocalJars UP-TO-DATE
> Task :expo:extractDeepLinksForAarRelease UP-TO-DATE
> Task :react-native-reanimated:extractDeepLinksForAarRelease
> Task :react-native-reanimated:extractReleaseAnnotations
> Task :react-native-reanimated:mergeReleaseGeneratedProguardFiles
> Task :react-native-reanimated:mergeReleaseConsumerProguardFiles
> Task :react-native-reanimated:stripReleaseDebugSymbols
> Task :react-native-reanimated:mergeReleaseJavaResource
> Task :react-native-reanimated:syncReleaseLibJars
> Task :react-native-svg:stripReleaseDebugSymbols NO-SOURCE
> Task :react-native-svg:copyReleaseJniLibsProjectAndLocalJars UP-TO-DATE
> Task :react-native-svg:extractDeepLinksForAarRelease UP-TO-DATE
> Task :react-native-svg:extractReleaseAnnotations UP-TO-DATE
> Task :react-native-svg:mergeReleaseGeneratedProguardFiles UP-TO-DATE
> Task :react-native-svg:mergeReleaseConsumerProguardFiles UP-TO-DATE
> Task :react-native-svg:mergeReleaseJavaResource UP-TO-DATE
> Task :react-native-svg:syncReleaseLibJars UP-TO-DATE
> Task :react-native-svg:bundleReleaseLocalLintAar UP-TO-DATE
> Task :react-native-worklets:stripReleaseDebugSymbols
> Task :react-native-reanimated:copyReleaseJniLibsProjectAndLocalJars
> Task :react-native-worklets:copyReleaseJniLibsProjectAndLocalJars
> Task :react-native-worklets:extractDeepLinksForAarRelease UP-TO-DATE
> Task :react-native-worklets:extractReleaseAnnotations UP-TO-DATE
> Task :react-native-worklets:mergeReleaseGeneratedProguardFiles UP-TO-DATE
> Task :react-native-worklets:mergeReleaseConsumerProguardFiles UP-TO-DATE
> Task :react-native-worklets:mergeReleaseJavaResource UP-TO-DATE
> Task :react-native-worklets:syncReleaseLibJars UP-TO-DATE
> Task :react-native-worklets:bundleReleaseLocalLintAar
> Task :expo-modules-core:stripReleaseDebugSymbols

> Task :react-native-fast-tflite:buildCMakeRelWithDebInfo[x86_64]
C/C++: ninja: Entering directory `/home/d/Desktop/jsmastery/node_modules/react-native-fast-tflite/android/.cxx/RelWithDebInfo/1x3y3830/x86_64'
C/C++: /home/d/Desktop/jsmastery/node_modules/react-native-fast-tflite/cpp/TensorflowPlugin.cpp:73:11: warning: ignoring return value of function declared with 'nodiscard' attribute [-Wunused-result]
C/C++:    73 |           std::async(std::launch::async, [=, &runtime]() {
C/C++:       |           ^~~~~~~~~~ ~~~~~~~~~~~~~~~~~~~~~~~~~~~~~~~~~~~~~
C/C++:    74 |             try {
C/C++:       |             ~~~~~
C/C++:    75 |               // Fetch model from URL (JS bundle)
C/C++:       |               ~~~~~~~~~~~~~~~~~~~~~~~~~~~~~~~~~~~
C/C++:    76 |               Buffer buffer = fetchURL(modelPath);
C/C++:       |               ~~~~~~~~~~~~~~~~~~~~~~~~~~~~~~~~~~~~
C/C++:    77 | 
C/C++:    78 |               // Load Model into Tensorflow
C/C++:       |               ~~~~~~~~~~~~~~~~~~~~~~~~~~~~~
C/C++:    79 |               auto model = TfLiteModelCreate(buffer.data, buffer.size);
C/C++:       |               ~~~~~~~~~~~~~~~~~~~~~~~~~~~~~~~~~~~~~~~~~~~~~~~~~~~~~~~~~
C/C++:    80 |               if (model == nullptr) {
C/C++:       |               ~~~~~~~~~~~~~~~~~~~~~~~
C/C++:    81 |                 callInvoker->invokeAsync(
C/C++:       |                 ~~~~~~~~~~~~~~~~~~~~~~~~~
C/C++:    82 |                     [=]() { promise->reject("Failed to load model from \"" + modelPath + "\"!"); });
C/C++:       |                     ~~~~~~~~~~~~~~~~~~~~~~~~~~~~~~~~~~~~~~~~~~~~~~~~~~~~~~~~~~~~~~~~~~~~~~~~~~~~~~~~
C/C++:    83 |                 return;
C/C++:       |                 ~~~~~~~
C/C++:    84 |               }
C/C++:       |               ~
C/C++:    85 | 
C/C++:    86 |               // Create TensorFlow Interpreter
C/C++:       |               ~~~~~~~~~~~~~~~~~~~~~~~~~~~~~~~~
C/C++:    87 |               auto options = TfLiteInterpreterOptionsCreate();
C/C++:       |               ~~~~~~~~~~~~~~~~~~~~~~~~~~~~~~~~~~~~~~~~~~~~~~~~
C/C++:    88 | 
C/C++: /home/d/Desktop/jsmastery/node_modules/react-native-fast-tflite/cpp/TensorflowPlugin.cpp:317:17: warning: ignoring return value of function declared with 'nodiscard' attribute [-Wunused-result]
C/C++:   317 |                 std::async(std::launch::async, [=, &runtime]() {
C/C++:       |                 ^~~~~~~~~~ ~~~~~~~~~~~~~~~~~~~~~~~~~~~~~~~~~~~~~
C/C++:   318 |                   // 2.
C/C++:       |                   ~~~~~
C/C++:   319 |                   try {
C/C++:       |                   ~~~~~
C/C++:   320 |                     this->run();
C/C++:       |                     ~~~~~~~~~~~~
C/C++:   321 | 
C/C++:   322 |                     this->_callInvoker->invokeAsync([=, &runtime]() {
C/C++:       |                     ~~~~~~~~~~~~~~~~~~~~~~~~~~~~~~~~~~~~~~~~~~~~~~~~~
C/C++:   323 |                       // 3.
C/C++:       |                       ~~~~~
C/C++:   324 |                       auto result = this->copyOutputBuffers(runtime);
C/C++:       |                       ~~~~~~~~~~~~~~~~~~~~~~~~~~~~~~~~~~~~~~~~~~~~~~~
C/C++:   325 |                       promise->resolve(std::move(result));
C/C++:       |                       ~~~~~~~~~~~~~~~~~~~~~~~~~~~~~~~~~~~~
C/C++:   326 |                     });
C/C++:       |                     ~~~
C/C++:   327 |                   } catch (std::exception& error) {
C/C++:       |                   ~~~~~~~~~~~~~~~~~~~~~~~~~~~~~~~~~
C/C++:   328 |                     promise->reject(error.what());
C/C++:       |                     ~~~~~~~~~~~~~~~~~~~~~~~~~~~~~~
C/C++:   329 |                   }
C/C++:       |                   ~
C/C++:   330 |                 });
C/C++:       |                 ~
C/C++: 2 warnings generated.

> Task :expo-modules-core:copyReleaseJniLibsProjectAndLocalJars
> Task :expo-modules-core:extractDeepLinksForAarRelease UP-TO-DATE
> Task :expo-modules-core:extractReleaseAnnotations
> Task :react-native-fast-tflite:mergeReleaseJniLibFolders UP-TO-DATE
> Task :react-native-reanimated:bundleReleaseLocalLintAar
> Task :react-native-fast-tflite:mergeReleaseNativeLibs UP-TO-DATE
> Task :expo-modules-core:mergeReleaseGeneratedProguardFiles
> Task :react-native-fast-tflite:copyReleaseJniLibsProjectOnly UP-TO-DATE
> Task :expo-modules-core:mergeReleaseConsumerProguardFiles
> Task :react-native-fast-tflite:generateReleaseBuildConfig UP-TO-DATE
> Task :react-native-fast-tflite:generateReleaseResValues UP-TO-DATE
> Task :react-native-fast-tflite:generateReleaseResources UP-TO-DATE
> Task :react-native-fast-tflite:packageReleaseResources UP-TO-DATE
> Task :react-native-fast-tflite:parseReleaseLocalResources UP-TO-DATE
> Task :react-native-fast-tflite:generateReleaseRFile UP-TO-DATE
> Task :react-native-fast-tflite:javaPreCompileRelease UP-TO-DATE
> Task :react-native-fast-tflite:compileReleaseJavaWithJavac UP-TO-DATE
> Task :react-native-fast-tflite:bundleLibRuntimeToDirRelease UP-TO-DATE
> Task :react-native-fast-tflite:writeReleaseAarMetadata UP-TO-DATE
> Task :react-native-fast-tflite:extractDeepLinksRelease UP-TO-DATE
> Task :react-native-fast-tflite:processReleaseManifest UP-TO-DATE
> Task :react-native-fast-tflite:compileReleaseLibraryResources UP-TO-DATE
> Task :react-native-fast-tflite:bundleLibCompileToJarRelease UP-TO-DATE
> Task :react-native-fast-tflite:prepareReleaseArtProfile UP-TO-DATE
> Task :react-native-fast-tflite:bundleLibRuntimeToJarRelease UP-TO-DATE
> Task :expo-modules-core:mergeReleaseJavaResource
> Task :react-native-fast-tflite:mergeReleaseShaders UP-TO-DATE
> Task :react-native-fast-tflite:compileReleaseShaders NO-SOURCE
> Task :react-native-fast-tflite:generateReleaseAssets UP-TO-DATE
> Task :react-native-fast-tflite:mergeReleaseAssets UP-TO-DATE
> Task :react-native-fast-tflite:processReleaseJavaRes NO-SOURCE
> Task :react-native-fast-tflite:createFullJarRelease UP-TO-DATE
> Task :react-native-fast-tflite:extractProguardFiles UP-TO-DATE
> Task :react-native-fast-tflite:generateReleaseLintModel UP-TO-DATE
> Task :react-native-fast-tflite:prepareLintJarForPublish UP-TO-DATE
> Task :react-native-fast-tflite:stripReleaseDebugSymbols UP-TO-DATE
> Task :react-native-fast-tflite:copyReleaseJniLibsProjectAndLocalJars UP-TO-DATE
> Task :react-native-fast-tflite:extractDeepLinksForAarRelease UP-TO-DATE
> Task :react-native-fast-tflite:extractReleaseAnnotations UP-TO-DATE
> Task :react-native-fast-tflite:mergeReleaseGeneratedProguardFiles UP-TO-DATE
> Task :react-native-fast-tflite:mergeReleaseConsumerProguardFiles UP-TO-DATE
> Task :react-native-fast-tflite:mergeReleaseJavaResource UP-TO-DATE
> Task :react-native-fast-tflite:syncReleaseLibJars UP-TO-DATE
> Task :react-native-fast-tflite:bundleReleaseLocalLintAar UP-TO-DATE
> Task :expo-constants:stripReleaseDebugSymbols NO-SOURCE
> Task :expo-constants:copyReleaseJniLibsProjectAndLocalJars UP-TO-DATE
> Task :expo-constants:extractDeepLinksForAarRelease UP-TO-DATE
> Task :expo-constants:extractReleaseAnnotations
> Task :expo-constants:mergeReleaseGeneratedProguardFiles
> Task :expo-constants:mergeReleaseConsumerProguardFiles
> Task :expo-constants:mergeReleaseJavaResource
> Task :expo-constants:syncReleaseLibJars
> Task :expo-constants:bundleReleaseLocalLintAar
> Task :expo-sqlite:stripReleaseDebugSymbols
> Task :expo-sqlite:copyReleaseJniLibsProjectAndLocalJars
> Task :expo-sqlite:extractDeepLinksForAarRelease
> Task :expo-modules-core:syncReleaseLibJars
> Task :expo-modules-core:bundleReleaseLocalLintAar
> Task :clerk_expo:writeReleaseLintModelMetadata UP-TO-DATE
> Task :expo-modules-core:writeReleaseLintModelMetadata UP-TO-DATE
> Task :expo-constants:writeReleaseLintModelMetadata UP-TO-DATE
> Task :expo:writeReleaseLintModelMetadata UP-TO-DATE
> Task :expo-sqlite:writeReleaseLintModelMetadata
> Task :expo-sqlite:compileReleaseJavaWithJavac
> Task :expo-sqlite:bundleLibCompileToJarRelease
> Task :clerk_expo:lintVitalAnalyzeRelease
> Task :expo-constants:lintVitalAnalyzeRelease
> Task :expo-modules-core:lintVitalAnalyzeRelease
> Task :expo:compileReleaseKotlin

> Task :react-native-gesture-handler:compileReleaseKotlin
w: file:///home/d/Desktop/jsmastery/node_modules/react-native-gesture-handler/android/src/main/java/com/swmansion/gesturehandler/react/RNGestureHandlerRootView.kt:41:43 The corresponding parameter in the supertype 'ReactViewGroup' is named 'ev'. This may cause problems when calling this function with named arguments.

> Task :expo:compileReleaseKotlin
w: file:///home/d/Desktop/jsmastery/node_modules/expo/android/src/main/java/expo/modules/ExpoModulesPackage.kt:34:16 This declaration overrides a deprecated member but is not marked as deprecated itself. Add the '@Deprecated' annotation or suppress the diagnostic.
w: file:///home/d/Desktop/jsmastery/node_modules/expo/android/src/main/java/expo/modules/ExpoReactHostFactory.kt:8:8 'class ReactNativeHost : Any' is deprecated. Deprecated in Java.
w: file:///home/d/Desktop/jsmastery/node_modules/expo/android/src/main/java/expo/modules/ExpoReactHostFactory.kt:80:22 'class ReactNativeHost : Any' is deprecated. Deprecated in Java.
w: file:///home/d/Desktop/jsmastery/node_modules/expo/android/src/main/java/expo/modules/ReactActivityDelegateWrapper.kt:24:8 'class ReactNativeHost : Any' is deprecated. Deprecated in Java.
w: file:///home/d/Desktop/jsmastery/node_modules/expo/android/src/main/java/expo/modules/ReactActivityDelegateWrapper.kt:58:33 'class ReactNativeHost : Any' is deprecated. Deprecated in Java.
w: file:///home/d/Desktop/jsmastery/node_modules/expo/android/src/main/java/expo/modules/ReactActivityDelegateWrapper.kt:105:16 This declaration overrides a deprecated member but is not marked as deprecated itself. Add the '@Deprecated' annotation or suppress the diagnostic.
w: file:///home/d/Desktop/jsmastery/node_modules/expo/android/src/main/java/expo/modules/ReactActivityDelegateWrapper.kt:105:38 'class ReactNativeHost : Any' is deprecated. Deprecated in Java.
w: file:///home/d/Desktop/jsmastery/node_modules/expo/android/src/main/java/expo/modules/ReactActivityDelegateWrapper.kt:113:16 This declaration overrides a deprecated member but is not marked as deprecated itself. Add the '@Deprecated' annotation or suppress the diagnostic.
w: file:///home/d/Desktop/jsmastery/node_modules/expo/android/src/main/java/expo/modules/ReactActivityDelegateWrapper.kt:114:21 'val reactInstanceManager: ReactInstanceManager' is deprecated. Deprecated in Java.
w: file:///home/d/Desktop/jsmastery/node_modules/expo/android/src/main/java/expo/modules/ReactActivityDelegateWrapper.kt:168:36 'constructor(activity: Activity, reactNativeHost: ReactNativeHost?, appKey: String?, launchOptions: Bundle?, fabricEnabled: Boolean): ReactDelegate' is deprecated. Deprecated since 0.81.0, use one of the other constructors instead.
w: file:///home/d/Desktop/jsmastery/node_modules/expo/android/src/main/java/expo/modules/ReactActivityDelegateWrapper.kt:279:77 'val reactInstanceManager: ReactInstanceManager' is deprecated. Deprecated in Java.
w: file:///home/d/Desktop/jsmastery/node_modules/expo/android/src/main/java/expo/modules/ReactActivityDelegateWrapper.kt:282:22 'val reactInstanceManager: ReactInstanceManager' is deprecated. Deprecated in Java.
w: file:///home/d/Desktop/jsmastery/node_modules/expo/android/src/main/java/expo/modules/ReactActivityDelegateWrapper.kt:286:54 'val reactInstanceManager: ReactInstanceManager' is deprecated. Deprecated in Java.
w: file:///home/d/Desktop/jsmastery/node_modules/expo/android/src/main/java/expo/modules/ReactNativeHostWrapper.kt:6:8 'class ReactNativeHost : Any' is deprecated. Deprecated in Java.
w: file:///home/d/Desktop/jsmastery/node_modules/expo/android/src/main/java/expo/modules/ReactNativeHostWrapper.kt:15:9 'class ReactNativeHost : Any' is deprecated. Deprecated in Java.
w: file:///home/d/Desktop/jsmastery/node_modules/expo/android/src/main/java/expo/modules/ReactNativeHostWrapper.kt:47:60 'class ReactNativeHost : Any' is deprecated. Deprecated in Java.
w: file:///home/d/Desktop/jsmastery/node_modules/expo/android/src/main/java/expo/modules/ReactNativeHostWrapperBase.kt:7:8 'class ReactNativeHost : Any' is deprecated. Deprecated in Java.
w: file:///home/d/Desktop/jsmastery/node_modules/expo/android/src/main/java/expo/modules/ReactNativeHostWrapperBase.kt:16:23 'class ReactNativeHost : Any' is deprecated. Deprecated in Java.
w: file:///home/d/Desktop/jsmastery/node_modules/expo/android/src/main/java/expo/modules/ReactNativeHostWrapperBase.kt:89:16 'class ReactNativeHost : Any' is deprecated. Deprecated in Java.
w: file:///home/d/Desktop/jsmastery/node_modules/expo/android/src/main/java/expo/modules/ReactNativeHostWrapperBase.kt:101:38 'class ReactNativeHost : Any' is deprecated. Deprecated in Java.
w: file:///home/d/Desktop/jsmastery/node_modules/expo/android/src/main/java/expo/modules/fetch/ExpoFetchModule.kt:30:39 'constructor(reactContext: ReactContext): ForwardingCookieHandler' is deprecated. Use the default constructor.
w: file:///home/d/Desktop/jsmastery/node_modules/expo/android/src/main/java/expo/modules/fetch/NativeResponse.kt:42:16 This declaration overrides a deprecated member but is not marked as deprecated itself. Add the '@Deprecated' annotation or suppress the diagnostic.
w: file:///home/d/Desktop/jsmastery/node_modules/expo/android/src/main/java/expo/modules/fetch/NativeResponse.kt:44:11 'fun deallocate(): Unit' is deprecated. Use sharedObjectDidRelease() instead.

> Task :react-native-gesture-handler:compileReleaseJavaWithJavac
> Task :expo:compileReleaseJavaWithJavac
> Task :react-native-gesture-handler:bundleLibRuntimeToDirRelease
> Task :expo:bundleLibRuntimeToDirRelease
> Task :expo:bundleLibCompileToJarRelease
> Task :react-native-gesture-handler:bundleLibCompileToJarRelease
> Task :react-native-gesture-handler:bundleLibRuntimeToJarRelease
> Task :expo-sqlite:bundleLibRuntimeToDirRelease
> Task :expo:bundleLibRuntimeToJarRelease
> Task :expo:processReleaseJavaRes
> Task :expo:createFullJarRelease
> Task :expo-sqlite:bundleLibRuntimeToJarRelease
> Task :expo-sqlite:processReleaseJavaRes
> Task :react-native-gesture-handler:processReleaseJavaRes
> Task :expo-sqlite:createFullJarRelease
> Task :expo-sqlite:generateReleaseLintModel
> Task :expo:generateReleaseLintModel
> Task :react-native-gesture-handler:createFullJarRelease
> Task :react-native-gesture-handler:generateReleaseLintModel
> Task :react-native-gesture-handler:extractReleaseAnnotations
> Task :react-native-gesture-handler:mergeReleaseGeneratedProguardFiles
> Task :react-native-gesture-handler:mergeReleaseConsumerProguardFiles
> Task :react-native-gesture-handler:mergeReleaseJavaResource
> Task :react-native-gesture-handler:syncReleaseLibJars
> Task :react-native-gesture-handler:bundleReleaseLocalLintAar
> Task :expo:extractReleaseAnnotations
> Task :expo:mergeReleaseGeneratedProguardFiles
> Task :expo:mergeReleaseConsumerProguardFiles
> Task :expo:mergeReleaseJavaResource
> Task :expo:syncReleaseLibJars
> Task :expo:bundleReleaseLocalLintAar
> Task :expo-sqlite:extractReleaseAnnotations
> Task :expo-sqlite:mergeReleaseGeneratedProguardFiles
> Task :expo-sqlite:mergeReleaseConsumerProguardFiles
> Task :expo-sqlite:mergeReleaseJavaResource
> Task :expo-sqlite:syncReleaseLibJars
> Task :expo-sqlite:bundleReleaseLocalLintAar
> Task :expo:lintVitalAnalyzeRelease
> Task :react-native-fast-tflite:lintVitalAnalyzeRelease UP-TO-DATE
> Task :react-native-fast-tflite:writeReleaseLintModelMetadata UP-TO-DATE
> Task :react-native-reanimated:writeReleaseLintModelMetadata
> Task :react-native-svg:writeReleaseLintModelMetadata UP-TO-DATE
> Task :react-native-worklets:writeReleaseLintModelMetadata UP-TO-DATE
> Task :react-native-gesture-handler:writeReleaseLintModelMetadata UP-TO-DATE
> Task :expo-sqlite:lintVitalAnalyzeRelease
> Task :react-native-gesture-handler:lintVitalAnalyzeRelease
> Task :react-native-reanimated:lintVitalAnalyzeRelease
> Task :react-native-safe-area-context:writeReleaseLintModelMetadata
> Task :react-native-safe-area-context:lintVitalAnalyzeRelease
> Task :react-native-screens:lintVitalAnalyzeRelease
